read x_train success
read x_test success
start
Epoch: [1 | 100] LR: 0.010000; Train Loss 2.098797; Test Loss 1.779825; Train acc 22.406389; Test acc 37.943503; Test GAP 0.232732
Epoch: [2 | 100] LR: 0.010000; Train Loss 1.698620; Test Loss 1.567159; Train acc 40.782039; Test acc 45.774011; Test GAP 0.339561
Epoch: [3 | 100] LR: 0.010000; Train Loss 1.511048; Test Loss 1.489367; Train acc 47.622994; Test acc 49.276836; Test GAP 0.366288
Epoch: [4 | 100] LR: 0.010000; Train Loss 1.335652; Test Loss 1.531861; Train acc 55.089279; Test acc 49.141243; Test GAP 0.376831
Epoch: [5 | 100] LR: 0.010000; Train Loss 1.211367; Test Loss 1.395545; Train acc 60.227530; Test acc 56.112994; Test GAP 0.458113
Epoch: [6 | 100] LR: 0.010000; Train Loss 1.128378; Test Loss 1.646394; Train acc 63.022678; Test acc 57.084746; Test GAP 0.469136
Epoch: [7 | 100] LR: 0.010000; Train Loss 1.042894; Test Loss 1.466833; Train acc 66.089053; Test acc 59.039548; Test GAP 0.498913
Epoch: [8 | 100] LR: 0.010000; Train Loss 1.015103; Test Loss 1.519291; Train acc 66.993144; Test acc 57.785311; Test GAP 0.489864
Epoch: [9 | 100] LR: 0.010000; Train Loss 0.915668; Test Loss 1.572113; Train acc 70.458826; Test acc 56.101695; Test GAP 0.456534
Epoch: [10 | 100] LR: 0.010000; Train Loss 0.842354; Test Loss 1.491277; Train acc 73.065622; Test acc 60.293785; Test GAP 0.519784
Epoch: [11 | 100] LR: 0.010000; Train Loss 0.829444; Test Loss 1.877790; Train acc 74.022452; Test acc 50.180791; Test GAP 0.396765
Epoch: [12 | 100] LR: 0.010000; Train Loss 0.840320; Test Loss 1.546018; Train acc 73.841633; Test acc 59.672316; Test GAP 0.515311
Epoch: [13 | 100] LR: 0.005000; Train Loss 0.539458; Test Loss 1.455288; Train acc 82.837339; Test acc 64.564972; Test GAP 0.572625
Epoch: [14 | 100] LR: 0.005000; Train Loss 0.352946; Test Loss 1.905869; Train acc 88.344760; Test acc 64.327684; Test GAP 0.563631
Epoch: [15 | 100] LR: 0.005000; Train Loss 0.311435; Test Loss 2.041161; Train acc 90.145408; Test acc 63.265537; Test GAP 0.546597
Epoch: [16 | 100] LR: 0.005000; Train Loss 0.310283; Test Loss 2.038241; Train acc 90.514578; Test acc 59.570621; Test GAP 0.509307
Epoch: [17 | 100] LR: 0.005000; Train Loss 0.285154; Test Loss 2.355943; Train acc 91.185113; Test acc 61.288136; Test GAP 0.524957
Epoch: [18 | 100] LR: 0.005000; Train Loss 0.242309; Test Loss 2.189195; Train acc 92.413170; Test acc 61.593220; Test GAP 0.533823
Epoch: [19 | 100] LR: 0.005000; Train Loss 0.220140; Test Loss 2.426679; Train acc 93.339863; Test acc 60.700565; Test GAP 0.519755
Epoch: [20 | 100] LR: 0.005000; Train Loss 0.186263; Test Loss 2.520647; Train acc 94.515181; Test acc 58.711864; Test GAP 0.506587
Epoch: [21 | 100] LR: 0.005000; Train Loss 0.180038; Test Loss 2.345067; Train acc 94.997363; Test acc 61.728814; Test GAP 0.540832
Epoch: [22 | 100] LR: 0.005000; Train Loss 0.178650; Test Loss 2.535567; Train acc 94.816545; Test acc 61.525424; Test GAP 0.533168
Epoch: [23 | 100] LR: 0.005000; Train Loss 0.152945; Test Loss 2.312767; Train acc 95.675431; Test acc 62.870056; Test GAP 0.558090
Epoch: [24 | 100] LR: 0.005000; Train Loss 0.161829; Test Loss 2.437848; Train acc 95.185715; Test acc 62.723164; Test GAP 0.551453
Epoch: [25 | 100] LR: 0.002500; Train Loss 0.073925; Test Loss 2.283084; Train acc 97.860318; Test acc 65.457627; Test GAP 0.584940
Epoch: [26 | 100] LR: 0.002500; Train Loss 0.019156; Test Loss 2.678831; Train acc 99.465079; Test acc 65.694915; Test GAP 0.588199
Epoch: [27 | 100] LR: 0.002500; Train Loss 0.005331; Test Loss 2.846529; Train acc 99.834250; Test acc 66.033898; Test GAP 0.592697
Epoch: [28 | 100] LR: 0.002500; Train Loss 0.002268; Test Loss 2.995233; Train acc 99.962330; Test acc 66.112994; Test GAP 0.593304
Epoch: [29 | 100] LR: 0.002500; Train Loss 0.001534; Test Loss 3.038753; Train acc 99.977398; Test acc 65.988701; Test GAP 0.591986
Epoch: [30 | 100] LR: 0.002500; Train Loss 0.000825; Test Loss 3.095344; Train acc 99.992466; Test acc 65.875706; Test GAP 0.591067
Epoch: [31 | 100] LR: 0.002500; Train Loss 0.000676; Test Loss 3.105689; Train acc 99.992466; Test acc 65.920904; Test GAP 0.591542
Epoch: [32 | 100] LR: 0.002500; Train Loss 0.000544; Test Loss 3.122356; Train acc 100.000000; Test acc 65.819209; Test GAP 0.590534
Epoch: [33 | 100] LR: 0.002500; Train Loss 0.000468; Test Loss 3.121677; Train acc 100.000000; Test acc 65.920904; Test GAP 0.591559
Epoch: [34 | 100] LR: 0.002500; Train Loss 0.000420; Test Loss 3.120905; Train acc 100.000000; Test acc 65.875706; Test GAP 0.590701
Epoch: [35 | 100] LR: 0.002500; Train Loss 0.000385; Test Loss 3.116175; Train acc 100.000000; Test acc 65.807910; Test GAP 0.590076
Epoch: [36 | 100] LR: 0.002500; Train Loss 0.000359; Test Loss 3.109365; Train acc 100.000000; Test acc 65.728814; Test GAP 0.589334
Epoch: [37 | 100] LR: 0.002500; Train Loss 0.000339; Test Loss 3.098505; Train acc 100.000000; Test acc 65.717514; Test GAP 0.589186
Epoch: [38 | 100] LR: 0.002500; Train Loss 0.000324; Test Loss 3.088338; Train acc 100.000000; Test acc 65.751412; Test GAP 0.589307
Epoch: [39 | 100] LR: 0.002500; Train Loss 0.000313; Test Loss 3.076094; Train acc 100.000000; Test acc 65.774011; Test GAP 0.589334
Epoch: [40 | 100] LR: 0.002500; Train Loss 0.000304; Test Loss 3.063554; Train acc 100.000000; Test acc 65.875706; Test GAP 0.590086
Epoch: [41 | 100] LR: 0.002500; Train Loss 0.000296; Test Loss 3.050888; Train acc 100.000000; Test acc 65.920904; Test GAP 0.590507
Epoch: [42 | 100] LR: 0.002500; Train Loss 0.000291; Test Loss 3.038060; Train acc 100.000000; Test acc 65.954802; Test GAP 0.590595
Epoch: [43 | 100] LR: 0.002500; Train Loss 0.000287; Test Loss 3.025682; Train acc 100.000000; Test acc 65.966102; Test GAP 0.590639
Epoch: [44 | 100] LR: 0.002500; Train Loss 0.000283; Test Loss 3.013400; Train acc 100.000000; Test acc 66.000000; Test GAP 0.590922
Epoch: [45 | 100] LR: 0.002500; Train Loss 0.000280; Test Loss 3.001231; Train acc 100.000000; Test acc 66.000000; Test GAP 0.590911
Epoch: [46 | 100] LR: 0.002500; Train Loss 0.000278; Test Loss 2.990234; Train acc 100.000000; Test acc 65.954802; Test GAP 0.590491
Epoch: [47 | 100] LR: 0.002500; Train Loss 0.000276; Test Loss 2.978070; Train acc 100.000000; Test acc 66.000000; Test GAP 0.590855
Epoch: [48 | 100] LR: 0.002500; Train Loss 0.000274; Test Loss 2.967749; Train acc 100.000000; Test acc 65.977401; Test GAP 0.590581
Epoch: [49 | 100] LR: 0.002500; Train Loss 0.000273; Test Loss 2.957458; Train acc 100.000000; Test acc 65.932203; Test GAP 0.590157
Epoch: [50 | 100] LR: 0.002500; Train Loss 0.000272; Test Loss 2.948193; Train acc 100.000000; Test acc 65.954802; Test GAP 0.590184
Epoch: [51 | 100] LR: 0.002500; Train Loss 0.000272; Test Loss 2.939046; Train acc 100.000000; Test acc 65.920904; Test GAP 0.589810
Epoch: [52 | 100] LR: 0.002500; Train Loss 0.000271; Test Loss 2.930493; Train acc 100.000000; Test acc 65.920904; Test GAP 0.589790
Epoch: [53 | 100] LR: 0.002500; Train Loss 0.000270; Test Loss 2.922645; Train acc 100.000000; Test acc 65.932203; Test GAP 0.589814
Epoch: [54 | 100] LR: 0.002500; Train Loss 0.000270; Test Loss 2.914800; Train acc 100.000000; Test acc 65.932203; Test GAP 0.589738
Epoch: [55 | 100] LR: 0.002500; Train Loss 0.000270; Test Loss 2.907893; Train acc 100.000000; Test acc 65.887006; Test GAP 0.589271
Epoch: [56 | 100] LR: 0.002500; Train Loss 0.000270; Test Loss 2.901114; Train acc 100.000000; Test acc 65.932203; Test GAP 0.589467
Epoch: [57 | 100] LR: 0.002500; Train Loss 0.000270; Test Loss 2.895261; Train acc 100.000000; Test acc 65.932203; Test GAP 0.589432
Epoch: [58 | 100] LR: 0.002500; Train Loss 0.000270; Test Loss 2.889279; Train acc 100.000000; Test acc 65.988701; Test GAP 0.589817
Epoch: [59 | 100] LR: 0.002500; Train Loss 0.000270; Test Loss 2.883929; Train acc 100.000000; Test acc 66.022599; Test GAP 0.590067
Epoch: [60 | 100] LR: 0.002500; Train Loss 0.000269; Test Loss 2.879133; Train acc 100.000000; Test acc 65.988701; Test GAP 0.589875
Epoch: [61 | 100] LR: 0.002500; Train Loss 0.000269; Test Loss 2.874739; Train acc 100.000000; Test acc 66.011299; Test GAP 0.589904
Epoch: [62 | 100] LR: 0.002500; Train Loss 0.000269; Test Loss 2.870947; Train acc 100.000000; Test acc 66.011299; Test GAP 0.589711
Epoch: [63 | 100] LR: 0.002500; Train Loss 0.000269; Test Loss 2.867220; Train acc 100.000000; Test acc 65.988701; Test GAP 0.589419
Epoch: [64 | 100] LR: 0.002500; Train Loss 0.000269; Test Loss 2.864855; Train acc 100.000000; Test acc 65.943503; Test GAP 0.589153
Epoch: [65 | 100] LR: 0.002500; Train Loss 0.000269; Test Loss 2.861933; Train acc 100.000000; Test acc 65.988701; Test GAP 0.589535
Epoch: [66 | 100] LR: 0.002500; Train Loss 0.000269; Test Loss 2.859457; Train acc 100.000000; Test acc 66.033898; Test GAP 0.589867
Epoch: [67 | 100] LR: 0.002500; Train Loss 0.000269; Test Loss 2.857227; Train acc 100.000000; Test acc 66.022599; Test GAP 0.589728
Epoch: [68 | 100] LR: 0.002500; Train Loss 0.000269; Test Loss 2.855306; Train acc 100.000000; Test acc 66.011299; Test GAP 0.589701
Epoch: [69 | 100] LR: 0.002500; Train Loss 0.000269; Test Loss 2.853050; Train acc 100.000000; Test acc 66.011299; Test GAP 0.589712
Epoch: [70 | 100] LR: 0.002500; Train Loss 0.000269; Test Loss 2.851508; Train acc 100.000000; Test acc 66.011299; Test GAP 0.589601
Epoch: [71 | 100] LR: 0.001250; Train Loss 0.000264; Test Loss 2.852473; Train acc 100.000000; Test acc 66.000000; Test GAP 0.589418
Epoch: [72 | 100] LR: 0.001250; Train Loss 0.000264; Test Loss 2.851733; Train acc 100.000000; Test acc 66.033898; Test GAP 0.589578
Epoch: [73 | 100] LR: 0.000625; Train Loss 0.000262; Test Loss 2.851588; Train acc 100.000000; Test acc 66.056497; Test GAP 0.589695
Epoch: [74 | 100] LR: 0.000625; Train Loss 0.000262; Test Loss 2.851166; Train acc 100.000000; Test acc 66.067797; Test GAP 0.589848
Epoch: [75 | 100] LR: 0.000313; Train Loss 0.000261; Test Loss 2.850996; Train acc 100.000000; Test acc 66.079096; Test GAP 0.589927
Epoch: [76 | 100] LR: 0.000313; Train Loss 0.000261; Test Loss 2.850787; Train acc 100.000000; Test acc 66.101695; Test GAP 0.590092
Epoch: [77 | 100] LR: 0.000156; Train Loss 0.000260; Test Loss 2.850694; Train acc 100.000000; Test acc 66.101695; Test GAP 0.590097
Epoch: [78 | 100] LR: 0.000156; Train Loss 0.000260; Test Loss 2.850580; Train acc 100.000000; Test acc 66.090395; Test GAP 0.590004
Epoch: [79 | 100] LR: 0.000078; Train Loss 0.000260; Test Loss 2.850521; Train acc 100.000000; Test acc 66.090395; Test GAP 0.590024
Epoch: [80 | 100] LR: 0.000078; Train Loss 0.000260; Test Loss 2.850459; Train acc 100.000000; Test acc 66.090395; Test GAP 0.590031
Epoch: [81 | 100] LR: 0.000039; Train Loss 0.000260; Test Loss 2.850422; Train acc 100.000000; Test acc 66.090395; Test GAP 0.590037
Epoch: [82 | 100] LR: 0.000039; Train Loss 0.000260; Test Loss 2.850383; Train acc 100.000000; Test acc 66.090395; Test GAP 0.590031
Epoch: [83 | 100] LR: 0.000020; Train Loss 0.000260; Test Loss 2.850352; Train acc 100.000000; Test acc 66.090395; Test GAP 0.590031
Epoch: [84 | 100] LR: 0.000020; Train Loss 0.000260; Test Loss 2.850320; Train acc 100.000000; Test acc 66.090395; Test GAP 0.590031
Epoch: [85 | 100] LR: 0.000010; Train Loss 0.000260; Test Loss 2.850368; Train acc 100.000000; Test acc 66.090395; Test GAP 0.590031
Epoch: [86 | 100] LR: 0.000010; Train Loss 0.000260; Test Loss 2.850417; Train acc 100.000000; Test acc 66.090395; Test GAP 0.590039
Epoch: [87 | 100] LR: 0.000010; Train Loss 0.000260; Test Loss 2.850465; Train acc 100.000000; Test acc 66.090395; Test GAP 0.590047
Epoch: [88 | 100] LR: 0.000010; Train Loss 0.000260; Test Loss 2.850514; Train acc 100.000000; Test acc 66.090395; Test GAP 0.590047
Epoch: [89 | 100] LR: 0.000010; Train Loss 0.000260; Test Loss 2.850562; Train acc 100.000000; Test acc 66.090395; Test GAP 0.590043
Epoch: [90 | 100] LR: 0.000010; Train Loss 0.000260; Test Loss 2.850611; Train acc 100.000000; Test acc 66.090395; Test GAP 0.590043
Epoch: [91 | 100] LR: 0.000010; Train Loss 0.000260; Test Loss 2.850659; Train acc 100.000000; Test acc 66.090395; Test GAP 0.590051
Epoch: [92 | 100] LR: 0.000010; Train Loss 0.000259; Test Loss 2.850708; Train acc 100.000000; Test acc 66.090395; Test GAP 0.590048
Epoch: [93 | 100] LR: 0.000010; Train Loss 0.000259; Test Loss 2.850756; Train acc 100.000000; Test acc 66.101695; Test GAP 0.590148
Epoch: [94 | 100] LR: 0.000010; Train Loss 0.000259; Test Loss 2.850805; Train acc 100.000000; Test acc 66.101695; Test GAP 0.590155
Epoch: [95 | 100] LR: 0.000010; Train Loss 0.000259; Test Loss 2.850854; Train acc 100.000000; Test acc 66.101695; Test GAP 0.590155
Epoch: [96 | 100] LR: 0.000010; Train Loss 0.000259; Test Loss 2.850903; Train acc 100.000000; Test acc 66.101695; Test GAP 0.590155
Epoch: [97 | 100] LR: 0.000010; Train Loss 0.000259; Test Loss 2.850952; Train acc 100.000000; Test acc 66.101695; Test GAP 0.590155
Epoch: [98 | 100] LR: 0.000010; Train Loss 0.000259; Test Loss 2.851001; Train acc 100.000000; Test acc 66.101695; Test GAP 0.590167
Epoch: [99 | 100] LR: 0.000010; Train Loss 0.000259; Test Loss 2.851049; Train acc 100.000000; Test acc 66.101695; Test GAP 0.590167
Epoch: [100 | 100] LR: 0.000010; Train Loss 0.000259; Test Loss 2.851098; Train acc 100.000000; Test acc 66.090395; Test GAP 0.590087
Best acc:
66.1129943503
