read x_train success
read x_test success
start
Epoch: [1 | 100] LR: 0.010000; Train Loss 2.056200; Test Loss 1.846706; Train acc 24.865791; Test acc 34.032894; Test GAP 0.199744
Epoch: [2 | 100] LR: 0.010000; Train Loss 1.705602; Test Loss 1.574479; Train acc 40.137065; Test acc 45.288676; Test GAP 0.323914
Epoch: [3 | 100] LR: 0.010000; Train Loss 1.524967; Test Loss 1.617393; Train acc 47.755568; Test acc 47.258866; Test GAP 0.353240
Epoch: [4 | 100] LR: 0.010000; Train Loss 1.388565; Test Loss 1.471663; Train acc 53.243861; Test acc 51.224944; Test GAP 0.399065
Epoch: [5 | 100] LR: 0.010000; Train Loss 1.272985; Test Loss 1.591710; Train acc 57.915477; Test acc 50.822340; Test GAP 0.395820
Epoch: [6 | 100] LR: 0.010000; Train Loss 1.208550; Test Loss 1.512504; Train acc 60.188464; Test acc 53.751927; Test GAP 0.427766
Epoch: [7 | 100] LR: 0.010000; Train Loss 1.115871; Test Loss 1.531815; Train acc 63.192461; Test acc 52.227171; Test GAP 0.410606
Epoch: [8 | 100] LR: 0.010000; Train Loss 1.058875; Test Loss 1.527882; Train acc 65.374072; Test acc 54.402947; Test GAP 0.446336
Epoch: [9 | 100] LR: 0.010000; Train Loss 1.029036; Test Loss 1.658891; Train acc 66.733295; Test acc 52.989549; Test GAP 0.431171
Epoch: [10 | 100] LR: 0.010000; Train Loss 0.987319; Test Loss 1.655372; Train acc 68.834951; Test acc 52.295700; Test GAP 0.421166
Epoch: [11 | 100] LR: 0.010000; Train Loss 1.046721; Test Loss 1.660364; Train acc 66.607653; Test acc 52.646908; Test GAP 0.420073
Epoch: [12 | 100] LR: 0.005000; Train Loss 0.739955; Test Loss 1.735263; Train acc 76.693318; Test acc 56.304609; Test GAP 0.468170
Epoch: [13 | 100] LR: 0.005000; Train Loss 0.482640; Test Loss 2.124389; Train acc 84.328955; Test acc 57.101251; Test GAP 0.480200
Epoch: [14 | 100] LR: 0.005000; Train Loss 0.443972; Test Loss 1.891054; Train acc 85.785266; Test acc 52.132945; Test GAP 0.422031
Epoch: [15 | 100] LR: 0.005000; Train Loss 0.422452; Test Loss 2.133926; Train acc 86.636208; Test acc 55.902004; Test GAP 0.471073
Epoch: [16 | 100] LR: 0.005000; Train Loss 0.420304; Test Loss 2.096543; Train acc 87.024557; Test acc 58.060648; Test GAP 0.489703
Epoch: [17 | 100] LR: 0.005000; Train Loss 0.366608; Test Loss 2.274535; Train acc 88.303826; Test acc 58.874422; Test GAP 0.502900
Epoch: [18 | 100] LR: 0.005000; Train Loss 0.340906; Test Loss 2.059386; Train acc 89.531696; Test acc 57.323968; Test GAP 0.484454
Epoch: [19 | 100] LR: 0.005000; Train Loss 0.332006; Test Loss 2.330485; Train acc 89.651628; Test acc 56.304609; Test GAP 0.469482
Epoch: [20 | 100] LR: 0.005000; Train Loss 0.321292; Test Loss 2.380775; Train acc 90.542547; Test acc 58.608874; Test GAP 0.502001
Epoch: [21 | 100] LR: 0.005000; Train Loss 0.297567; Test Loss 2.634239; Train acc 91.284980; Test acc 58.557478; Test GAP 0.501701
Epoch: [22 | 100] LR: 0.005000; Train Loss 0.276052; Test Loss 2.595747; Train acc 91.964592; Test acc 57.949289; Test GAP 0.493358
Epoch: [23 | 100] LR: 0.005000; Train Loss 0.283727; Test Loss 2.441620; Train acc 91.747573; Test acc 57.846496; Test GAP 0.495534
Epoch: [24 | 100] LR: 0.002500; Train Loss 0.146549; Test Loss 2.548012; Train acc 95.636779; Test acc 59.534007; Test GAP 0.521498
Epoch: [25 | 100] LR: 0.002500; Train Loss 0.040469; Test Loss 3.023808; Train acc 98.737864; Test acc 59.105705; Test GAP 0.516232
Epoch: [26 | 100] LR: 0.002500; Train Loss 0.015674; Test Loss 3.375175; Train acc 99.565962; Test acc 60.107932; Test GAP 0.526253
Epoch: [27 | 100] LR: 0.002500; Train Loss 0.009117; Test Loss 3.489877; Train acc 99.748715; Test acc 60.647593; Test GAP 0.531885
Epoch: [28 | 100] LR: 0.002500; Train Loss 0.003222; Test Loss 3.557423; Train acc 99.937179; Test acc 60.990235; Test GAP 0.535891
Epoch: [29 | 100] LR: 0.002500; Train Loss 0.001577; Test Loss 3.597177; Train acc 99.977156; Test acc 61.067329; Test GAP 0.537386
Epoch: [30 | 100] LR: 0.002500; Train Loss 0.000854; Test Loss 3.610917; Train acc 99.988578; Test acc 61.212952; Test GAP 0.539404
Epoch: [31 | 100] LR: 0.002500; Train Loss 0.000673; Test Loss 3.601626; Train acc 99.988578; Test acc 61.204386; Test GAP 0.539379
Epoch: [32 | 100] LR: 0.002500; Train Loss 0.000592; Test Loss 3.580479; Train acc 99.988578; Test acc 61.324310; Test GAP 0.540392
Epoch: [33 | 100] LR: 0.002500; Train Loss 0.000543; Test Loss 3.551598; Train acc 99.988578; Test acc 61.367141; Test GAP 0.541309
Epoch: [34 | 100] LR: 0.002500; Train Loss 0.000521; Test Loss 3.519592; Train acc 99.988578; Test acc 61.324310; Test GAP 0.541095
Epoch: [35 | 100] LR: 0.002500; Train Loss 0.000511; Test Loss 3.484698; Train acc 99.988578; Test acc 61.401405; Test GAP 0.541970
Epoch: [36 | 100] LR: 0.002500; Train Loss 0.000489; Test Loss 3.452091; Train acc 99.988578; Test acc 61.435669; Test GAP 0.542561
Epoch: [37 | 100] LR: 0.002500; Train Loss 0.000479; Test Loss 3.419926; Train acc 99.988578; Test acc 61.452801; Test GAP 0.542865
Epoch: [38 | 100] LR: 0.002500; Train Loss 0.000474; Test Loss 3.388075; Train acc 99.988578; Test acc 61.504197; Test GAP 0.543167
Epoch: [39 | 100] LR: 0.002500; Train Loss 0.000472; Test Loss 3.357472; Train acc 99.988578; Test acc 61.521329; Test GAP 0.543344
Epoch: [40 | 100] LR: 0.002500; Train Loss 0.000469; Test Loss 3.328984; Train acc 99.988578; Test acc 61.564160; Test GAP 0.543807
Epoch: [41 | 100] LR: 0.002500; Train Loss 0.000475; Test Loss 3.298886; Train acc 99.988578; Test acc 61.572726; Test GAP 0.543965
Epoch: [42 | 100] LR: 0.001250; Train Loss 0.000454; Test Loss 3.286874; Train acc 99.988578; Test acc 61.649820; Test GAP 0.544723
Epoch: [43 | 100] LR: 0.001250; Train Loss 0.000453; Test Loss 3.274872; Train acc 99.988578; Test acc 61.658386; Test GAP 0.544820
Epoch: [44 | 100] LR: 0.001250; Train Loss 0.000455; Test Loss 3.262541; Train acc 99.988578; Test acc 61.649820; Test GAP 0.544751
Epoch: [45 | 100] LR: 0.000625; Train Loss 0.000445; Test Loss 3.256680; Train acc 99.994289; Test acc 61.684084; Test GAP 0.544998
Epoch: [46 | 100] LR: 0.000625; Train Loss 0.000445; Test Loss 3.250719; Train acc 99.988578; Test acc 61.666952; Test GAP 0.544939
Epoch: [47 | 100] LR: 0.000313; Train Loss 0.000441; Test Loss 3.247932; Train acc 99.994289; Test acc 61.658386; Test GAP 0.544815
Epoch: [48 | 100] LR: 0.000313; Train Loss 0.000441; Test Loss 3.245018; Train acc 99.994289; Test acc 61.649820; Test GAP 0.544715
Epoch: [49 | 100] LR: 0.000156; Train Loss 0.000439; Test Loss 3.243615; Train acc 99.994289; Test acc 61.649820; Test GAP 0.544723
Epoch: [50 | 100] LR: 0.000156; Train Loss 0.000439; Test Loss 3.242205; Train acc 99.994289; Test acc 61.641254; Test GAP 0.544666
Epoch: [51 | 100] LR: 0.000078; Train Loss 0.000437; Test Loss 3.241508; Train acc 99.994289; Test acc 61.641254; Test GAP 0.544656
Epoch: [52 | 100] LR: 0.000078; Train Loss 0.000438; Test Loss 3.240790; Train acc 99.994289; Test acc 61.641254; Test GAP 0.544665
Epoch: [53 | 100] LR: 0.000039; Train Loss 0.000437; Test Loss 3.240437; Train acc 99.994289; Test acc 61.649820; Test GAP 0.544725
Epoch: [54 | 100] LR: 0.000039; Train Loss 0.000437; Test Loss 3.240073; Train acc 99.994289; Test acc 61.658386; Test GAP 0.544800
Epoch: [55 | 100] LR: 0.000020; Train Loss 0.000437; Test Loss 3.239877; Train acc 99.994289; Test acc 61.658386; Test GAP 0.544804
Epoch: [56 | 100] LR: 0.000020; Train Loss 0.000437; Test Loss 3.239678; Train acc 99.994289; Test acc 61.658386; Test GAP 0.544806
Epoch: [57 | 100] LR: 0.000010; Train Loss 0.000437; Test Loss 3.239666; Train acc 99.994289; Test acc 61.658386; Test GAP 0.544810
Epoch: [58 | 100] LR: 0.000010; Train Loss 0.000437; Test Loss 3.239654; Train acc 99.994289; Test acc 61.658386; Test GAP 0.544815
Epoch: [59 | 100] LR: 0.000010; Train Loss 0.000436; Test Loss 3.239642; Train acc 99.994289; Test acc 61.658386; Test GAP 0.544812
Epoch: [60 | 100] LR: 0.000010; Train Loss 0.000436; Test Loss 3.239628; Train acc 99.994289; Test acc 61.658386; Test GAP 0.544812
Epoch: [61 | 100] LR: 0.000010; Train Loss 0.000436; Test Loss 3.239616; Train acc 99.994289; Test acc 61.658386; Test GAP 0.544815
Epoch: [62 | 100] LR: 0.000010; Train Loss 0.000436; Test Loss 3.239604; Train acc 99.994289; Test acc 61.658386; Test GAP 0.544815
Epoch: [63 | 100] LR: 0.000010; Train Loss 0.000436; Test Loss 3.239592; Train acc 99.994289; Test acc 61.658386; Test GAP 0.544815
Epoch: [64 | 100] LR: 0.000010; Train Loss 0.000436; Test Loss 3.239579; Train acc 99.994289; Test acc 61.658386; Test GAP 0.544826
Epoch: [65 | 100] LR: 0.000010; Train Loss 0.000436; Test Loss 3.239566; Train acc 99.994289; Test acc 61.658386; Test GAP 0.544826
Epoch: [66 | 100] LR: 0.000010; Train Loss 0.000436; Test Loss 3.239555; Train acc 99.994289; Test acc 61.658386; Test GAP 0.544826
Epoch: [67 | 100] LR: 0.000010; Train Loss 0.000436; Test Loss 3.239542; Train acc 99.994289; Test acc 61.666952; Test GAP 0.544884
Epoch: [68 | 100] LR: 0.000010; Train Loss 0.000436; Test Loss 3.239529; Train acc 99.994289; Test acc 61.666952; Test GAP 0.544884
Epoch: [69 | 100] LR: 0.000010; Train Loss 0.000436; Test Loss 3.239516; Train acc 99.994289; Test acc 61.675518; Test GAP 0.544977
Epoch: [70 | 100] LR: 0.000010; Train Loss 0.000436; Test Loss 3.239503; Train acc 99.994289; Test acc 61.675518; Test GAP 0.544977
Epoch: [71 | 100] LR: 0.000010; Train Loss 0.000436; Test Loss 3.239492; Train acc 99.994289; Test acc 61.675518; Test GAP 0.544976
Epoch: [72 | 100] LR: 0.000010; Train Loss 0.000436; Test Loss 3.239478; Train acc 99.994289; Test acc 61.675518; Test GAP 0.544979
Epoch: [73 | 100] LR: 0.000010; Train Loss 0.000436; Test Loss 3.239466; Train acc 99.994289; Test acc 61.675518; Test GAP 0.544985
Epoch: [74 | 100] LR: 0.000010; Train Loss 0.000436; Test Loss 3.239453; Train acc 99.994289; Test acc 61.675518; Test GAP 0.544983
Epoch: [75 | 100] LR: 0.000010; Train Loss 0.000436; Test Loss 3.239440; Train acc 99.994289; Test acc 61.684084; Test GAP 0.545048
Epoch: [76 | 100] LR: 0.000010; Train Loss 0.000435; Test Loss 3.239426; Train acc 99.994289; Test acc 61.692650; Test GAP 0.545164
Epoch: [77 | 100] LR: 0.000010; Train Loss 0.000435; Test Loss 3.239413; Train acc 99.994289; Test acc 61.692650; Test GAP 0.545164
Epoch: [78 | 100] LR: 0.000010; Train Loss 0.000435; Test Loss 3.239400; Train acc 99.994289; Test acc 61.692650; Test GAP 0.545162
Epoch: [79 | 100] LR: 0.000010; Train Loss 0.000435; Test Loss 3.239385; Train acc 99.994289; Test acc 61.692650; Test GAP 0.545165
Epoch: [80 | 100] LR: 0.000010; Train Loss 0.000435; Test Loss 3.239373; Train acc 99.994289; Test acc 61.692650; Test GAP 0.545161
Epoch: [81 | 100] LR: 0.000010; Train Loss 0.000435; Test Loss 3.239358; Train acc 99.994289; Test acc 61.692650; Test GAP 0.545158
Epoch: [82 | 100] LR: 0.000010; Train Loss 0.000435; Test Loss 3.239343; Train acc 99.994289; Test acc 61.692650; Test GAP 0.545158
Epoch: [83 | 100] LR: 0.000010; Train Loss 0.000435; Test Loss 3.239327; Train acc 99.994289; Test acc 61.692650; Test GAP 0.545118
Epoch: [84 | 100] LR: 0.000010; Train Loss 0.000435; Test Loss 3.239314; Train acc 99.994289; Test acc 61.692650; Test GAP 0.545116
Epoch: [85 | 100] LR: 0.000010; Train Loss 0.000435; Test Loss 3.239300; Train acc 99.994289; Test acc 61.692650; Test GAP 0.545120
Epoch: [86 | 100] LR: 0.000010; Train Loss 0.000435; Test Loss 3.239283; Train acc 99.994289; Test acc 61.692650; Test GAP 0.545125
Epoch: [87 | 100] LR: 0.000010; Train Loss 0.000435; Test Loss 3.239268; Train acc 99.994289; Test acc 61.692650; Test GAP 0.545127
Epoch: [88 | 100] LR: 0.000010; Train Loss 0.000435; Test Loss 3.239253; Train acc 99.994289; Test acc 61.692650; Test GAP 0.545127
Epoch: [89 | 100] LR: 0.000010; Train Loss 0.000435; Test Loss 3.239238; Train acc 99.994289; Test acc 61.692650; Test GAP 0.545127
Epoch: [90 | 100] LR: 0.000010; Train Loss 0.000435; Test Loss 3.239221; Train acc 99.994289; Test acc 61.684084; Test GAP 0.545075
Epoch: [91 | 100] LR: 0.000010; Train Loss 0.000435; Test Loss 3.239206; Train acc 99.994289; Test acc 61.692650; Test GAP 0.545157
Epoch: [92 | 100] LR: 0.000010; Train Loss 0.000435; Test Loss 3.239191; Train acc 99.994289; Test acc 61.692650; Test GAP 0.545161
Epoch: [93 | 100] LR: 0.000010; Train Loss 0.000435; Test Loss 3.239177; Train acc 99.994289; Test acc 61.692650; Test GAP 0.545151
Epoch: [94 | 100] LR: 0.000010; Train Loss 0.000434; Test Loss 3.239162; Train acc 99.994289; Test acc 61.692650; Test GAP 0.545154
Epoch: [95 | 100] LR: 0.000010; Train Loss 0.000434; Test Loss 3.239145; Train acc 99.994289; Test acc 61.692650; Test GAP 0.545150
Epoch: [96 | 100] LR: 0.000010; Train Loss 0.000434; Test Loss 3.239130; Train acc 99.994289; Test acc 61.692650; Test GAP 0.545150
Epoch: [97 | 100] LR: 0.000010; Train Loss 0.000434; Test Loss 3.239116; Train acc 99.994289; Test acc 61.692650; Test GAP 0.545148
Epoch: [98 | 100] LR: 0.000010; Train Loss 0.000434; Test Loss 3.239100; Train acc 99.994289; Test acc 61.692650; Test GAP 0.545150
Epoch: [99 | 100] LR: 0.000010; Train Loss 0.000434; Test Loss 3.239083; Train acc 99.994289; Test acc 61.692650; Test GAP 0.545149
Epoch: [100 | 100] LR: 0.000010; Train Loss 0.000434; Test Loss 3.239069; Train acc 99.994289; Test acc 61.692650; Test GAP 0.545152
Best acc:
61.6926503367
