/share/apps/h5py/2.7.0rc2/intel/lib/python2.7/site-packages/h5py-2.7.0rc2-py2.7-linux-x86_64.egg/h5py/__init__.py:34: FutureWarning: Conversion of the second argument of issubdtype from `float` to `np.floating` is deprecated. In future, it will be treated as `np.float64 == np.dtype(float).type`.
  from ._conv import register_converters as _register_converters
Using TensorFlow backend.
2018-04-13 01:41:34.390321: I tensorflow/core/platform/cpu_feature_guard.cc:137] Your CPU supports instructions that this TensorFlow binary was not compiled to use: SSE4.1 SSE4.2 AVX AVX2 FMA
2018-04-13 01:41:34.699686: I tensorflow/core/common_runtime/gpu/gpu_device.cc:1105] Found device 0 with properties: 
name: Tesla P40 major: 6 minor: 1 memoryClockRate(GHz): 1.531
pciBusID: 0000:84:00.0
totalMemory: 22.38GiB freeMemory: 22.21GiB
2018-04-13 01:41:34.699729: I tensorflow/core/common_runtime/gpu/gpu_device.cc:1195] Creating TensorFlow device (/device:GPU:0) -> (device: 0, name: Tesla P40, pci bus id: 0000:84:00.0, compute capability: 6.1)
WARNING:tensorflow:From /share/apps/keras/2.0.2/lib/python2.7/site-packages/Keras-2.0.2-py2.7.egg/keras/backend/tensorflow_backend.py:1123: calling reduce_mean (from tensorflow.python.ops.math_ops) with keep_dims is deprecated and will be removed in a future version.
Instructions for updating:
keep_dims is deprecated, use keepdims instead
WARNING:tensorflow:From /share/apps/keras/2.0.2/lib/python2.7/site-packages/Keras-2.0.2-py2.7.egg/keras/backend/tensorflow_backend.py:2548: calling reduce_sum (from tensorflow.python.ops.math_ops) with keep_dims is deprecated and will be removed in a future version.
Instructions for updating:
keep_dims is deprecated, use keepdims instead
Epoch 1/300
47s - loss: 0.5147 - acc: 0.8673 - val_loss: 0.2551 - val_acc: 0.9274
Epoch 2/300
43s - loss: 0.1407 - acc: 0.9544 - val_loss: 0.2882 - val_acc: 0.9275
Epoch 3/300
43s - loss: 0.0667 - acc: 0.9794 - val_loss: 0.3245 - val_acc: 0.9365
Epoch 4/300
43s - loss: 0.0625 - acc: 0.9804 - val_loss: 0.3107 - val_acc: 0.9367
Epoch 5/300
43s - loss: 0.0454 - acc: 0.9853 - val_loss: 0.3238 - val_acc: 0.9398
Epoch 6/300
43s - loss: 0.0274 - acc: 0.9912 - val_loss: 0.3483 - val_acc: 0.9360
Epoch 7/300
43s - loss: 0.0345 - acc: 0.9904 - val_loss: 0.3690 - val_acc: 0.9384
Epoch 8/300
43s - loss: 0.0324 - acc: 0.9917 - val_loss: 0.3247 - val_acc: 0.9395
Epoch 9/300
43s - loss: 0.0362 - acc: 0.9901 - val_loss: 0.3209 - val_acc: 0.9380
Epoch 10/300
43s - loss: 0.0263 - acc: 0.9932 - val_loss: 0.2838 - val_acc: 0.9482
Epoch 11/300
43s - loss: 0.0160 - acc: 0.9950 - val_loss: 0.3099 - val_acc: 0.9469
Epoch 12/300
43s - loss: 0.0202 - acc: 0.9944 - val_loss: 0.3578 - val_acc: 0.9398
Epoch 13/300
43s - loss: 0.0434 - acc: 0.9886 - val_loss: 0.5288 - val_acc: 0.9233
Epoch 14/300
43s - loss: 0.0308 - acc: 0.9909 - val_loss: 0.3889 - val_acc: 0.9376
Epoch 15/300
43s - loss: 0.0202 - acc: 0.9949 - val_loss: 0.3324 - val_acc: 0.9448
Epoch 16/300
43s - loss: 0.0086 - acc: 0.9983 - val_loss: 0.2925 - val_acc: 0.9515
Epoch 17/300
43s - loss: 0.0024 - acc: 0.9995 - val_loss: 0.3035 - val_acc: 0.9495
Epoch 18/300
43s - loss: 0.0158 - acc: 0.9964 - val_loss: 0.4556 - val_acc: 0.9360
Epoch 19/300
43s - loss: 0.0362 - acc: 0.9907 - val_loss: 0.3495 - val_acc: 0.9411
Epoch 20/300
43s - loss: 0.0090 - acc: 0.9975 - val_loss: 0.3140 - val_acc: 0.9520
Epoch 21/300
43s - loss: 0.0024 - acc: 0.9997 - val_loss: 0.2973 - val_acc: 0.9518
Epoch 22/300
43s - loss: 0.0010 - acc: 0.9999 - val_loss: 0.2971 - val_acc: 0.9547
Epoch 23/300
43s - loss: 9.6541e-04 - acc: 0.9999 - val_loss: 0.2978 - val_acc: 0.9543
Epoch 24/300
43s - loss: 9.5576e-04 - acc: 0.9999 - val_loss: 0.3150 - val_acc: 0.9547
Epoch 25/300
43s - loss: 9.4948e-04 - acc: 0.9999 - val_loss: 0.2988 - val_acc: 0.9551
Epoch 26/300
43s - loss: 9.4497e-04 - acc: 0.9999 - val_loss: 0.3146 - val_acc: 0.9552
Epoch 27/300
43s - loss: 9.4162e-04 - acc: 0.9999 - val_loss: 0.3186 - val_acc: 0.9536
Epoch 28/300
43s - loss: 9.3909e-04 - acc: 0.9999 - val_loss: 0.3295 - val_acc: 0.9547
Epoch 29/300
43s - loss: 9.3715e-04 - acc: 0.9999 - val_loss: 0.2920 - val_acc: 0.9562
Epoch 30/300
43s - loss: 9.3567e-04 - acc: 0.9999 - val_loss: 0.3455 - val_acc: 0.9536
Epoch 31/300
43s - loss: 9.3448e-04 - acc: 0.9999 - val_loss: 0.2993 - val_acc: 0.9551
Epoch 32/300
43s - loss: 9.3355e-04 - acc: 0.9999 - val_loss: 0.3457 - val_acc: 0.9540
Epoch 33/300
43s - loss: 9.3281e-04 - acc: 0.9999 - val_loss: 0.3051 - val_acc: 0.9546
Epoch 34/300
43s - loss: 9.3224e-04 - acc: 0.9999 - val_loss: 0.3627 - val_acc: 0.9526
Epoch 35/300
43s - loss: 9.3184e-04 - acc: 0.9999 - val_loss: 0.3160 - val_acc: 0.9553
Epoch 36/300
43s - loss: 9.3158e-04 - acc: 0.9999 - val_loss: 0.3377 - val_acc: 0.9552
Epoch 37/300
43s - loss: 9.3142e-04 - acc: 0.9999 - val_loss: 0.3364 - val_acc: 0.9534
Epoch 38/300
43s - loss: 9.3139e-04 - acc: 0.9999 - val_loss: 0.3348 - val_acc: 0.9549
Epoch 39/300
43s - loss: 9.3129e-04 - acc: 0.9999 - val_loss: 0.3459 - val_acc: 0.9546
Epoch 40/300
43s - loss: 1.8932e-07 - acc: 1.0000 - val_loss: 0.3402 - val_acc: 0.9557
Epoch 41/300
43s - loss: 9.3120e-04 - acc: 0.9999 - val_loss: 0.3485 - val_acc: 0.9536
Epoch 42/300
43s - loss: 9.3118e-04 - acc: 0.9999 - val_loss: 0.3546 - val_acc: 0.9531
Epoch 43/300
43s - loss: 9.3117e-04 - acc: 0.9999 - val_loss: 0.3598 - val_acc: 0.9542
Epoch 44/300
43s - loss: 9.3117e-04 - acc: 0.9999 - val_loss: 0.3505 - val_acc: 0.9545
Epoch 45/300
43s - loss: 9.3116e-04 - acc: 0.9999 - val_loss: 0.3648 - val_acc: 0.9526
Epoch 46/300
43s - loss: 9.3116e-04 - acc: 0.9999 - val_loss: 0.3670 - val_acc: 0.9538
Epoch 47/300
43s - loss: 9.3116e-04 - acc: 0.9999 - val_loss: 0.3771 - val_acc: 0.9523
Epoch 48/300
43s - loss: 9.3116e-04 - acc: 0.9999 - val_loss: 0.3356 - val_acc: 0.9562
Epoch 49/300
43s - loss: 9.3116e-04 - acc: 0.9999 - val_loss: 0.4006 - val_acc: 0.9526
Epoch 50/300
43s - loss: 9.3116e-04 - acc: 0.9999 - val_loss: 0.3452 - val_acc: 0.9553
Epoch 51/300
43s - loss: 9.3116e-04 - acc: 0.9999 - val_loss: 0.3844 - val_acc: 0.9528
Epoch 52/300
43s - loss: 9.3116e-04 - acc: 0.9999 - val_loss: 0.3509 - val_acc: 0.9565
Epoch 53/300
43s - loss: 9.3116e-04 - acc: 0.9999 - val_loss: 0.3996 - val_acc: 0.9521
Epoch 54/300
43s - loss: 9.3116e-04 - acc: 0.9999 - val_loss: 0.3533 - val_acc: 0.9571
Epoch 55/300
43s - loss: 9.3116e-04 - acc: 0.9999 - val_loss: 0.3794 - val_acc: 0.9530
Epoch 56/300
43s - loss: 9.3116e-04 - acc: 0.9999 - val_loss: 0.3629 - val_acc: 0.9562
Epoch 57/300
43s - loss: 9.3116e-04 - acc: 0.9999 - val_loss: 0.3809 - val_acc: 0.9517
Epoch 58/300
43s - loss: 9.3116e-04 - acc: 0.9999 - val_loss: 0.3736 - val_acc: 0.9555
Epoch 59/300
43s - loss: 9.3116e-04 - acc: 0.9999 - val_loss: 0.3752 - val_acc: 0.9543
Epoch 60/300
43s - loss: 9.3116e-04 - acc: 0.9999 - val_loss: 0.3624 - val_acc: 0.9547
Epoch 61/300
43s - loss: 9.3116e-04 - acc: 0.9999 - val_loss: 0.3883 - val_acc: 0.9520
Epoch 62/300
43s - loss: 9.3116e-04 - acc: 0.9999 - val_loss: 0.3746 - val_acc: 0.9543
Epoch 63/300
43s - loss: 9.3116e-04 - acc: 0.9999 - val_loss: 0.3770 - val_acc: 0.9532
Epoch 64/300
43s - loss: 9.3116e-04 - acc: 0.9999 - val_loss: 0.3848 - val_acc: 0.9531
Epoch 65/300
43s - loss: 9.3116e-04 - acc: 0.9999 - val_loss: 0.3773 - val_acc: 0.9538
Epoch 66/300
43s - loss: 9.3116e-04 - acc: 0.9999 - val_loss: 0.3709 - val_acc: 0.9552
Epoch 67/300
43s - loss: 9.3116e-04 - acc: 0.9999 - val_loss: 0.3527 - val_acc: 0.9553
Epoch 68/300
43s - loss: 9.3116e-04 - acc: 0.9999 - val_loss: 0.4025 - val_acc: 0.9533
Epoch 69/300
43s - loss: 9.3116e-04 - acc: 0.9999 - val_loss: 0.3508 - val_acc: 0.9560
Epoch 70/300
43s - loss: 9.3116e-04 - acc: 0.9999 - val_loss: 0.3954 - val_acc: 0.9526
Epoch 71/300
43s - loss: 9.3116e-04 - acc: 0.9999 - val_loss: 0.3545 - val_acc: 0.9562
Epoch 72/300
43s - loss: 9.3116e-04 - acc: 0.9999 - val_loss: 0.3986 - val_acc: 0.9517
Epoch 73/300
43s - loss: 9.3116e-04 - acc: 0.9999 - val_loss: 0.3406 - val_acc: 0.9574
Epoch 74/300
43s - loss: 9.3116e-04 - acc: 0.9999 - val_loss: 0.3919 - val_acc: 0.9516
Epoch 75/300
43s - loss: 9.3116e-04 - acc: 0.9999 - val_loss: 0.3675 - val_acc: 0.9558
Epoch 76/300
43s - loss: 9.3116e-04 - acc: 0.9999 - val_loss: 0.3813 - val_acc: 0.9531
Epoch 77/300
43s - loss: 9.3116e-04 - acc: 0.9999 - val_loss: 0.3738 - val_acc: 0.9551
Epoch 78/300
43s - loss: 9.3116e-04 - acc: 0.9999 - val_loss: 0.3829 - val_acc: 0.9530
Epoch 79/300
43s - loss: 9.3116e-04 - acc: 0.9999 - val_loss: 0.3702 - val_acc: 0.9538
Epoch 80/300
43s - loss: 9.3116e-04 - acc: 0.9999 - val_loss: 0.3881 - val_acc: 0.9534
Epoch 81/300
43s - loss: 9.3116e-04 - acc: 0.9999 - val_loss: 0.3755 - val_acc: 0.9552
Epoch 82/300
43s - loss: 9.3116e-04 - acc: 0.9999 - val_loss: 0.3780 - val_acc: 0.9527
Epoch 83/300
43s - loss: 9.3116e-04 - acc: 0.9999 - val_loss: 0.3801 - val_acc: 0.9545
Epoch 84/300
43s - loss: 9.3116e-04 - acc: 0.9999 - val_loss: 0.3752 - val_acc: 0.9546
Epoch 85/300
43s - loss: 9.3116e-04 - acc: 0.9999 - val_loss: 0.3710 - val_acc: 0.9550
Epoch 86/300
43s - loss: 9.3116e-04 - acc: 0.9999 - val_loss: 0.3582 - val_acc: 0.9553
Epoch 87/300
43s - loss: 9.3116e-04 - acc: 0.9999 - val_loss: 0.4118 - val_acc: 0.9517
Epoch 88/300
43s - loss: 9.3116e-04 - acc: 0.9999 - val_loss: 0.3468 - val_acc: 0.9560
Epoch 89/300
43s - loss: 9.3116e-04 - acc: 0.9999 - val_loss: 0.4034 - val_acc: 0.9524
Epoch 90/300
43s - loss: 9.3116e-04 - acc: 0.9999 - val_loss: 0.3578 - val_acc: 0.9567
Epoch 91/300
43s - loss: 9.3116e-04 - acc: 0.9999 - val_loss: 0.4014 - val_acc: 0.9516
Epoch 92/300
43s - loss: 9.3116e-04 - acc: 0.9999 - val_loss: 0.3408 - val_acc: 0.9586
Epoch 93/300
43s - loss: 9.3116e-04 - acc: 0.9999 - val_loss: 0.3976 - val_acc: 0.9523
Epoch 94/300
43s - loss: 9.3116e-04 - acc: 0.9999 - val_loss: 0.3727 - val_acc: 0.9548
Epoch 95/300
43s - loss: 9.3116e-04 - acc: 0.9999 - val_loss: 0.3828 - val_acc: 0.9526
Epoch 96/300
43s - loss: 9.3116e-04 - acc: 0.9999 - val_loss: 0.3737 - val_acc: 0.9551
Epoch 97/300
43s - loss: 9.3116e-04 - acc: 0.9999 - val_loss: 0.3818 - val_acc: 0.9536
Epoch 98/300
43s - loss: 9.3116e-04 - acc: 0.9999 - val_loss: 0.3745 - val_acc: 0.9547
Epoch 99/300
43s - loss: 9.3116e-04 - acc: 0.9999 - val_loss: 0.3865 - val_acc: 0.9541
Epoch 100/300
43s - loss: 9.3116e-04 - acc: 0.9999 - val_loss: 0.3705 - val_acc: 0.9552
Epoch 101/300
43s - loss: 9.3116e-04 - acc: 0.9999 - val_loss: 0.3764 - val_acc: 0.9532
Epoch 102/300
43s - loss: 9.3116e-04 - acc: 0.9999 - val_loss: 0.3797 - val_acc: 0.9549
Epoch 103/300
43s - loss: 9.3116e-04 - acc: 0.9999 - val_loss: 0.3743 - val_acc: 0.9553
Epoch 104/300
43s - loss: 9.3116e-04 - acc: 0.9999 - val_loss: 0.3745 - val_acc: 0.9549
Epoch 105/300
43s - loss: 9.3116e-04 - acc: 0.9999 - val_loss: 0.3619 - val_acc: 0.9550
Epoch 106/300
43s - loss: 9.3116e-04 - acc: 0.9999 - val_loss: 0.4101 - val_acc: 0.9524
Epoch 107/300
43s - loss: 9.3116e-04 - acc: 0.9999 - val_loss: 0.3406 - val_acc: 0.9557
Epoch 108/300
43s - loss: 9.3116e-04 - acc: 0.9999 - val_loss: 0.4030 - val_acc: 0.9528
Epoch 109/300
43s - loss: 9.3116e-04 - acc: 0.9999 - val_loss: 0.3614 - val_acc: 0.9557
Epoch 110/300
43s - loss: 9.3116e-04 - acc: 0.9999 - val_loss: 0.3977 - val_acc: 0.9523
Epoch 111/300
43s - loss: 9.3116e-04 - acc: 0.9999 - val_loss: 0.3429 - val_acc: 0.9574
Epoch 112/300
43s - loss: 9.3116e-04 - acc: 0.9999 - val_loss: 0.3960 - val_acc: 0.9519
Epoch 113/300
43s - loss: 9.3116e-04 - acc: 0.9999 - val_loss: 0.3689 - val_acc: 0.9555
Epoch 114/300
43s - loss: 9.3116e-04 - acc: 0.9999 - val_loss: 0.3874 - val_acc: 0.9526
Epoch 115/300
43s - loss: 9.3116e-04 - acc: 0.9999 - val_loss: 0.3711 - val_acc: 0.9555
Epoch 116/300
43s - loss: 9.3116e-04 - acc: 0.9999 - val_loss: 0.3843 - val_acc: 0.9530
Epoch 117/300
43s - loss: 9.3116e-04 - acc: 0.9999 - val_loss: 0.3734 - val_acc: 0.9542
Epoch 118/300
43s - loss: 9.3116e-04 - acc: 0.9999 - val_loss: 0.3891 - val_acc: 0.9541
Epoch 119/300
43s - loss: 9.3116e-04 - acc: 0.9999 - val_loss: 0.3615 - val_acc: 0.9564
Epoch 120/300
43s - loss: 9.3116e-04 - acc: 0.9999 - val_loss: 0.3741 - val_acc: 0.9536
Epoch 121/300
43s - loss: 9.3116e-04 - acc: 0.9999 - val_loss: 0.3831 - val_acc: 0.9549
Epoch 122/300
43s - loss: 9.3116e-04 - acc: 0.9999 - val_loss: 0.3665 - val_acc: 0.9560
Epoch 123/300
43s - loss: 9.3116e-04 - acc: 0.9999 - val_loss: 0.3737 - val_acc: 0.9552
Epoch 124/300
43s - loss: 9.3116e-04 - acc: 0.9999 - val_loss: 0.3679 - val_acc: 0.9550
Epoch 125/300
43s - loss: 9.3116e-04 - acc: 0.9999 - val_loss: 0.4022 - val_acc: 0.9535
Epoch 126/300
43s - loss: 9.3116e-04 - acc: 0.9999 - val_loss: 0.3405 - val_acc: 0.9562
Epoch 127/300
43s - loss: 9.3116e-04 - acc: 0.9999 - val_loss: 0.3961 - val_acc: 0.9538
Epoch 128/300
43s - loss: 9.3116e-04 - acc: 0.9999 - val_loss: 0.3560 - val_acc: 0.9562
Epoch 129/300
43s - loss: 9.3116e-04 - acc: 0.9999 - val_loss: 0.3931 - val_acc: 0.9531
Epoch 130/300
43s - loss: 9.3116e-04 - acc: 0.9999 - val_loss: 0.3568 - val_acc: 0.9564
Epoch 131/300
43s - loss: 9.3116e-04 - acc: 0.9999 - val_loss: 0.3976 - val_acc: 0.9528
Epoch 132/300
43s - loss: 9.3116e-04 - acc: 0.9999 - val_loss: 0.3605 - val_acc: 0.9567
Epoch 133/300
43s - loss: 9.3116e-04 - acc: 0.9999 - val_loss: 0.3803 - val_acc: 0.9531
Epoch 134/300
43s - loss: 9.3116e-04 - acc: 0.9999 - val_loss: 0.3663 - val_acc: 0.9565
Epoch 135/300
43s - loss: 9.3116e-04 - acc: 0.9999 - val_loss: 0.3747 - val_acc: 0.9533
Epoch 136/300
43s - loss: 9.3116e-04 - acc: 0.9999 - val_loss: 0.3706 - val_acc: 0.9554
Epoch 137/300
43s - loss: 9.3116e-04 - acc: 0.9999 - val_loss: 0.3848 - val_acc: 0.9539
Epoch 138/300
43s - loss: 9.3116e-04 - acc: 0.9999 - val_loss: 0.3593 - val_acc: 0.9561
Epoch 139/300
43s - loss: 9.3116e-04 - acc: 0.9999 - val_loss: 0.3767 - val_acc: 0.9529
Epoch 140/300
43s - loss: 9.3116e-04 - acc: 0.9999 - val_loss: 0.3742 - val_acc: 0.9554
Epoch 141/300
43s - loss: 9.3116e-04 - acc: 0.9999 - val_loss: 0.3642 - val_acc: 0.9553
Epoch 142/300
43s - loss: 9.3116e-04 - acc: 0.9999 - val_loss: 0.3717 - val_acc: 0.9554
Epoch 143/300
43s - loss: 9.3116e-04 - acc: 0.9999 - val_loss: 0.3788 - val_acc: 0.9531
Epoch 144/300
43s - loss: 9.3116e-04 - acc: 0.9999 - val_loss: 0.3974 - val_acc: 0.9533
Epoch 145/300
43s - loss: 9.3116e-04 - acc: 0.9999 - val_loss: 0.3410 - val_acc: 0.9565
Epoch 146/300
43s - loss: 9.3116e-04 - acc: 0.9999 - val_loss: 0.3979 - val_acc: 0.9533
Epoch 147/300
43s - loss: 9.3116e-04 - acc: 0.9999 - val_loss: 0.3529 - val_acc: 0.9555
Epoch 148/300
43s - loss: 9.3116e-04 - acc: 0.9999 - val_loss: 0.3963 - val_acc: 0.9523
Epoch 149/300
43s - loss: 9.3116e-04 - acc: 0.9999 - val_loss: 0.3540 - val_acc: 0.9564
Epoch 150/300
43s - loss: 9.3116e-04 - acc: 0.9999 - val_loss: 0.4098 - val_acc: 0.9512
Epoch 151/300
43s - loss: 9.3116e-04 - acc: 0.9999 - val_loss: 0.3552 - val_acc: 0.9569
Epoch 152/300
43s - loss: 9.3116e-04 - acc: 0.9999 - val_loss: 0.3790 - val_acc: 0.9536
Epoch 153/300
43s - loss: 9.3116e-04 - acc: 0.9999 - val_loss: 0.3706 - val_acc: 0.9558
Epoch 154/300
43s - loss: 9.3116e-04 - acc: 0.9999 - val_loss: 0.3774 - val_acc: 0.9533
Epoch 155/300
43s - loss: 9.3116e-04 - acc: 0.9999 - val_loss: 0.3684 - val_acc: 0.9557
Epoch 156/300
43s - loss: 9.3116e-04 - acc: 0.9999 - val_loss: 0.3757 - val_acc: 0.9546
Epoch 157/300
43s - loss: 9.3116e-04 - acc: 0.9999 - val_loss: 0.3659 - val_acc: 0.9556
Epoch 158/300
43s - loss: 9.3116e-04 - acc: 0.9999 - val_loss: 0.3776 - val_acc: 0.9541
Epoch 159/300
43s - loss: 9.3116e-04 - acc: 0.9999 - val_loss: 0.3762 - val_acc: 0.9564
Epoch 160/300
43s - loss: 9.3116e-04 - acc: 0.9999 - val_loss: 0.3727 - val_acc: 0.9541
Epoch 161/300
43s - loss: 9.3116e-04 - acc: 0.9999 - val_loss: 0.3819 - val_acc: 0.9542
Epoch 162/300
43s - loss: 9.3116e-04 - acc: 0.9999 - val_loss: 0.3814 - val_acc: 0.9532
Epoch 163/300
43s - loss: 9.3116e-04 - acc: 0.9999 - val_loss: 0.3908 - val_acc: 0.9549
Epoch 164/300
43s - loss: 9.3116e-04 - acc: 0.9999 - val_loss: 0.3466 - val_acc: 0.9558
Epoch 165/300
43s - loss: 9.3116e-04 - acc: 0.9999 - val_loss: 0.4126 - val_acc: 0.9526
Epoch 166/300
43s - loss: 9.3116e-04 - acc: 0.9999 - val_loss: 0.3495 - val_acc: 0.9562
Epoch 167/300
43s - loss: 9.3116e-04 - acc: 0.9999 - val_loss: 0.3943 - val_acc: 0.9530
Epoch 168/300
43s - loss: 9.3116e-04 - acc: 0.9999 - val_loss: 0.3524 - val_acc: 0.9569
Epoch 169/300
43s - loss: 9.3116e-04 - acc: 0.9999 - val_loss: 0.4096 - val_acc: 0.9517
Epoch 170/300
43s - loss: 9.3116e-04 - acc: 0.9999 - val_loss: 0.3571 - val_acc: 0.9565
Epoch 171/300
43s - loss: 9.3116e-04 - acc: 0.9999 - val_loss: 0.3800 - val_acc: 0.9545
Epoch 172/300
43s - loss: 9.3116e-04 - acc: 0.9999 - val_loss: 0.3656 - val_acc: 0.9560
Epoch 173/300
43s - loss: 9.3116e-04 - acc: 0.9999 - val_loss: 0.3789 - val_acc: 0.9542
Epoch 174/300
43s - loss: 9.3116e-04 - acc: 0.9999 - val_loss: 0.3721 - val_acc: 0.9555
Epoch 175/300
43s - loss: 9.3116e-04 - acc: 0.9999 - val_loss: 0.3778 - val_acc: 0.9548
Epoch 176/300
43s - loss: 9.3116e-04 - acc: 0.9999 - val_loss: 0.3682 - val_acc: 0.9547
Epoch 177/300
43s - loss: 9.3116e-04 - acc: 0.9999 - val_loss: 0.3862 - val_acc: 0.9539
Epoch 178/300
43s - loss: 9.3116e-04 - acc: 0.9999 - val_loss: 0.3808 - val_acc: 0.9552
Epoch 179/300
43s - loss: 9.3116e-04 - acc: 0.9999 - val_loss: 0.3738 - val_acc: 0.9548
Epoch 180/300
43s - loss: 9.3116e-04 - acc: 0.9999 - val_loss: 0.3837 - val_acc: 0.9536
Epoch 181/300
43s - loss: 9.3116e-04 - acc: 0.9999 - val_loss: 0.3825 - val_acc: 0.9539
Epoch 182/300
43s - loss: 9.3116e-04 - acc: 0.9999 - val_loss: 0.3849 - val_acc: 0.9542
Epoch 183/300
43s - loss: 9.3116e-04 - acc: 0.9999 - val_loss: 0.3535 - val_acc: 0.9558
Epoch 184/300
43s - loss: 9.3116e-04 - acc: 0.9999 - val_loss: 0.4088 - val_acc: 0.9526
Epoch 185/300
43s - loss: 9.3116e-04 - acc: 0.9999 - val_loss: 0.3540 - val_acc: 0.9560
Epoch 186/300
43s - loss: 9.3116e-04 - acc: 0.9999 - val_loss: 0.3968 - val_acc: 0.9523
Epoch 187/300
43s - loss: 9.3116e-04 - acc: 0.9999 - val_loss: 0.3600 - val_acc: 0.9569
Epoch 188/300
43s - loss: 9.3116e-04 - acc: 0.9999 - val_loss: 0.4016 - val_acc: 0.9523
Epoch 189/300
43s - loss: 9.3116e-04 - acc: 0.9999 - val_loss: 0.3562 - val_acc: 0.9572
Epoch 190/300
43s - loss: 9.3116e-04 - acc: 0.9999 - val_loss: 0.3877 - val_acc: 0.9535
Epoch 191/300
43s - loss: 9.3116e-04 - acc: 0.9999 - val_loss: 0.3692 - val_acc: 0.9564
Epoch 192/300
43s - loss: 9.3116e-04 - acc: 0.9999 - val_loss: 0.3864 - val_acc: 0.9531
Epoch 193/300
43s - loss: 9.3116e-04 - acc: 0.9999 - val_loss: 0.3729 - val_acc: 0.9564
Epoch 194/300
43s - loss: 9.3116e-04 - acc: 0.9999 - val_loss: 0.3838 - val_acc: 0.9546
Epoch 195/300
43s - loss: 9.3116e-04 - acc: 0.9999 - val_loss: 0.3677 - val_acc: 0.9547
Epoch 196/300
43s - loss: 9.3116e-04 - acc: 0.9999 - val_loss: 0.3954 - val_acc: 0.9529
Epoch 197/300
43s - loss: 9.3116e-04 - acc: 0.9999 - val_loss: 0.3769 - val_acc: 0.9556
Epoch 198/300
43s - loss: 9.3116e-04 - acc: 0.9999 - val_loss: 0.3833 - val_acc: 0.9531
Epoch 199/300
43s - loss: 9.3116e-04 - acc: 0.9999 - val_loss: 0.3887 - val_acc: 0.9536
Epoch 200/300
43s - loss: 9.3116e-04 - acc: 0.9999 - val_loss: 0.3863 - val_acc: 0.9538
Epoch 201/300
43s - loss: 9.3116e-04 - acc: 0.9999 - val_loss: 0.3746 - val_acc: 0.9550
Epoch 202/300
43s - loss: 9.3116e-04 - acc: 0.9999 - val_loss: 0.3631 - val_acc: 0.9557
Epoch 203/300
43s - loss: 9.3116e-04 - acc: 0.9999 - val_loss: 0.4062 - val_acc: 0.9530
Epoch 204/300
43s - loss: 9.3116e-04 - acc: 0.9999 - val_loss: 0.3606 - val_acc: 0.9553
Epoch 205/300
43s - loss: 9.3116e-04 - acc: 0.9999 - val_loss: 0.4012 - val_acc: 0.9528
Epoch 206/300
43s - loss: 9.3116e-04 - acc: 0.9999 - val_loss: 0.3631 - val_acc: 0.9555
Epoch 207/300
43s - loss: 9.3116e-04 - acc: 0.9999 - val_loss: 0.3995 - val_acc: 0.9524
Epoch 208/300
43s - loss: 9.3116e-04 - acc: 0.9999 - val_loss: 0.3560 - val_acc: 0.9560
Epoch 209/300
43s - loss: 9.3116e-04 - acc: 0.9999 - val_loss: 0.3935 - val_acc: 0.9526
Epoch 210/300
43s - loss: 9.3116e-04 - acc: 0.9999 - val_loss: 0.3731 - val_acc: 0.9557
Epoch 211/300
43s - loss: 9.3116e-04 - acc: 0.9999 - val_loss: 0.3873 - val_acc: 0.9531
Epoch 212/300
43s - loss: 9.3116e-04 - acc: 0.9999 - val_loss: 0.3830 - val_acc: 0.9543
Epoch 213/300
43s - loss: 9.3116e-04 - acc: 0.9999 - val_loss: 0.3874 - val_acc: 0.9536
Epoch 214/300
43s - loss: 9.3116e-04 - acc: 0.9999 - val_loss: 0.3718 - val_acc: 0.9543
Epoch 215/300
43s - loss: 9.3116e-04 - acc: 0.9999 - val_loss: 0.4022 - val_acc: 0.9525
Epoch 216/300
43s - loss: 9.3116e-04 - acc: 0.9999 - val_loss: 0.3780 - val_acc: 0.9550
Epoch 217/300
43s - loss: 9.3116e-04 - acc: 0.9999 - val_loss: 0.3843 - val_acc: 0.9531
Epoch 218/300
43s - loss: 9.3116e-04 - acc: 0.9999 - val_loss: 0.3892 - val_acc: 0.9538
Epoch 219/300
43s - loss: 9.3116e-04 - acc: 0.9999 - val_loss: 0.3811 - val_acc: 0.9548
Epoch 220/300
43s - loss: 9.3116e-04 - acc: 0.9999 - val_loss: 0.3772 - val_acc: 0.9547
Epoch 221/300
43s - loss: 9.3116e-04 - acc: 0.9999 - val_loss: 0.3613 - val_acc: 0.9555
Epoch 222/300
43s - loss: 9.3116e-04 - acc: 0.9999 - val_loss: 0.4120 - val_acc: 0.9519
Epoch 223/300
43s - loss: 9.3116e-04 - acc: 0.9999 - val_loss: 0.3561 - val_acc: 0.9553
Epoch 224/300
43s - loss: 9.3116e-04 - acc: 0.9999 - val_loss: 0.4046 - val_acc: 0.9524
Epoch 225/300
43s - loss: 9.3116e-04 - acc: 0.9999 - val_loss: 0.3599 - val_acc: 0.9564
Epoch 226/300
43s - loss: 9.3116e-04 - acc: 0.9999 - val_loss: 0.4026 - val_acc: 0.9521
Epoch 227/300
43s - loss: 9.3116e-04 - acc: 0.9999 - val_loss: 0.3464 - val_acc: 0.9569
Epoch 228/300
43s - loss: 9.3116e-04 - acc: 0.9999 - val_loss: 0.3950 - val_acc: 0.9526
Epoch 229/300
43s - loss: 9.3116e-04 - acc: 0.9999 - val_loss: 0.3703 - val_acc: 0.9557
Epoch 230/300
43s - loss: 9.3116e-04 - acc: 0.9999 - val_loss: 0.3818 - val_acc: 0.9540
Epoch 231/300
43s - loss: 9.3116e-04 - acc: 0.9999 - val_loss: 0.3756 - val_acc: 0.9551
Epoch 232/300
43s - loss: 9.3116e-04 - acc: 0.9999 - val_loss: 0.3848 - val_acc: 0.9540
Epoch 233/300
43s - loss: 9.3116e-04 - acc: 0.9999 - val_loss: 0.3711 - val_acc: 0.9547
Epoch 234/300
43s - loss: 9.3116e-04 - acc: 0.9999 - val_loss: 0.3910 - val_acc: 0.9534
Epoch 235/300
43s - loss: 9.3116e-04 - acc: 0.9999 - val_loss: 0.3765 - val_acc: 0.9543
Epoch 236/300
43s - loss: 9.3116e-04 - acc: 0.9999 - val_loss: 0.3798 - val_acc: 0.9534
Epoch 237/300
43s - loss: 9.3116e-04 - acc: 0.9999 - val_loss: 0.3821 - val_acc: 0.9547
Epoch 238/300
43s - loss: 9.3116e-04 - acc: 0.9999 - val_loss: 0.3734 - val_acc: 0.9551
Epoch 239/300
43s - loss: 9.3116e-04 - acc: 0.9999 - val_loss: 0.3706 - val_acc: 0.9552
Epoch 240/300
43s - loss: 9.3116e-04 - acc: 0.9999 - val_loss: 0.3618 - val_acc: 0.9550
Epoch 241/300
43s - loss: 9.3116e-04 - acc: 0.9999 - val_loss: 0.4116 - val_acc: 0.9523
Epoch 242/300
43s - loss: 9.3116e-04 - acc: 0.9999 - val_loss: 0.3494 - val_acc: 0.9562
Epoch 243/300
43s - loss: 9.3116e-04 - acc: 0.9999 - val_loss: 0.4032 - val_acc: 0.9531
Epoch 244/300
43s - loss: 9.3116e-04 - acc: 0.9999 - val_loss: 0.3589 - val_acc: 0.9558
Epoch 245/300
43s - loss: 9.3116e-04 - acc: 0.9999 - val_loss: 0.4012 - val_acc: 0.9517
Epoch 246/300
43s - loss: 9.3116e-04 - acc: 0.9999 - val_loss: 0.3415 - val_acc: 0.9572
Epoch 247/300
43s - loss: 9.3116e-04 - acc: 0.9999 - val_loss: 0.3983 - val_acc: 0.9526
Epoch 248/300
43s - loss: 9.3116e-04 - acc: 0.9999 - val_loss: 0.3722 - val_acc: 0.9538
Epoch 249/300
43s - loss: 9.3116e-04 - acc: 0.9999 - val_loss: 0.3848 - val_acc: 0.9535
Epoch 250/300
43s - loss: 9.3116e-04 - acc: 0.9999 - val_loss: 0.3753 - val_acc: 0.9538
Epoch 251/300
43s - loss: 9.3116e-04 - acc: 0.9999 - val_loss: 0.3847 - val_acc: 0.9540
Epoch 252/300
43s - loss: 9.3116e-04 - acc: 0.9999 - val_loss: 0.3765 - val_acc: 0.9531
Epoch 253/300
43s - loss: 9.3116e-04 - acc: 0.9999 - val_loss: 0.3871 - val_acc: 0.9543
Epoch 254/300
43s - loss: 9.3116e-04 - acc: 0.9999 - val_loss: 0.3691 - val_acc: 0.9547
Epoch 255/300
43s - loss: 9.3116e-04 - acc: 0.9999 - val_loss: 0.3753 - val_acc: 0.9539
Epoch 256/300
43s - loss: 9.3116e-04 - acc: 0.9999 - val_loss: 0.3780 - val_acc: 0.9547
Epoch 257/300
43s - loss: 9.3116e-04 - acc: 0.9999 - val_loss: 0.3731 - val_acc: 0.9553
Epoch 258/300
43s - loss: 9.3116e-04 - acc: 0.9999 - val_loss: 0.3725 - val_acc: 0.9549
Epoch 259/300
43s - loss: 9.3116e-04 - acc: 0.9999 - val_loss: 0.3628 - val_acc: 0.9545
Epoch 260/300
43s - loss: 9.3116e-04 - acc: 0.9999 - val_loss: 0.4110 - val_acc: 0.9524
Epoch 261/300
43s - loss: 9.3116e-04 - acc: 0.9999 - val_loss: 0.3442 - val_acc: 0.9558
Epoch 262/300
43s - loss: 9.3116e-04 - acc: 0.9999 - val_loss: 0.4037 - val_acc: 0.9521
Epoch 263/300
43s - loss: 9.3116e-04 - acc: 0.9999 - val_loss: 0.3588 - val_acc: 0.9562
Epoch 264/300
43s - loss: 9.3116e-04 - acc: 0.9999 - val_loss: 0.4011 - val_acc: 0.9524
Epoch 265/300
43s - loss: 9.3116e-04 - acc: 0.9999 - val_loss: 0.3460 - val_acc: 0.9572
Epoch 266/300
43s - loss: 9.3116e-04 - acc: 0.9999 - val_loss: 0.3970 - val_acc: 0.9526
Epoch 267/300
43s - loss: 9.3116e-04 - acc: 0.9999 - val_loss: 0.3734 - val_acc: 0.9550
Epoch 268/300
43s - loss: 9.3116e-04 - acc: 0.9999 - val_loss: 0.3874 - val_acc: 0.9535
Epoch 269/300
43s - loss: 9.3116e-04 - acc: 0.9999 - val_loss: 0.3773 - val_acc: 0.9541
Epoch 270/300
43s - loss: 9.3116e-04 - acc: 0.9999 - val_loss: 0.3834 - val_acc: 0.9538
Epoch 271/300
43s - loss: 9.3116e-04 - acc: 0.9999 - val_loss: 0.3809 - val_acc: 0.9533
Epoch 272/300
43s - loss: 9.3116e-04 - acc: 0.9999 - val_loss: 0.3851 - val_acc: 0.9546
Epoch 273/300
43s - loss: 9.3116e-04 - acc: 0.9999 - val_loss: 0.3700 - val_acc: 0.9549
Epoch 274/300
43s - loss: 9.3116e-04 - acc: 0.9999 - val_loss: 0.3801 - val_acc: 0.9529
Epoch 275/300
43s - loss: 9.3116e-04 - acc: 0.9999 - val_loss: 0.3808 - val_acc: 0.9545
Epoch 276/300
43s - loss: 9.3116e-04 - acc: 0.9999 - val_loss: 0.3735 - val_acc: 0.9550
Epoch 277/300
43s - loss: 9.3116e-04 - acc: 0.9999 - val_loss: 0.3711 - val_acc: 0.9556
Epoch 278/300
43s - loss: 9.3116e-04 - acc: 0.9999 - val_loss: 0.3652 - val_acc: 0.9550
Epoch 279/300
43s - loss: 9.3116e-04 - acc: 0.9999 - val_loss: 0.4032 - val_acc: 0.9536
Epoch 280/300
43s - loss: 9.3116e-04 - acc: 0.9999 - val_loss: 0.3388 - val_acc: 0.9565
Epoch 281/300
43s - loss: 9.3116e-04 - acc: 0.9999 - val_loss: 0.4025 - val_acc: 0.9533
Epoch 282/300
43s - loss: 9.3116e-04 - acc: 0.9999 - val_loss: 0.3598 - val_acc: 0.9564
Epoch 283/300
43s - loss: 9.3116e-04 - acc: 0.9999 - val_loss: 0.3982 - val_acc: 0.9517
Epoch 284/300
43s - loss: 9.3116e-04 - acc: 0.9999 - val_loss: 0.3411 - val_acc: 0.9581
Epoch 285/300
43s - loss: 9.3116e-04 - acc: 0.9999 - val_loss: 0.3954 - val_acc: 0.9514
Epoch 286/300
43s - loss: 9.3116e-04 - acc: 0.9999 - val_loss: 0.3691 - val_acc: 0.9557
Epoch 287/300
43s - loss: 9.3116e-04 - acc: 0.9999 - val_loss: 0.3904 - val_acc: 0.9526
Epoch 288/300
43s - loss: 9.3116e-04 - acc: 0.9999 - val_loss: 0.3740 - val_acc: 0.9548
Epoch 289/300
43s - loss: 9.3116e-04 - acc: 0.9999 - val_loss: 0.3849 - val_acc: 0.9531
Epoch 290/300
43s - loss: 9.3116e-04 - acc: 0.9999 - val_loss: 0.3767 - val_acc: 0.9542
Epoch 291/300
43s - loss: 9.3116e-04 - acc: 0.9999 - val_loss: 0.3824 - val_acc: 0.9548
Epoch 292/300
43s - loss: 9.3116e-04 - acc: 0.9999 - val_loss: 0.3699 - val_acc: 0.9549
Epoch 293/300
43s - loss: 9.3116e-04 - acc: 0.9999 - val_loss: 0.3706 - val_acc: 0.9539
Epoch 294/300
43s - loss: 9.3116e-04 - acc: 0.9999 - val_loss: 0.3834 - val_acc: 0.9543
Epoch 295/300
43s - loss: 9.3116e-04 - acc: 0.9999 - val_loss: 0.3688 - val_acc: 0.9548
Epoch 296/300
43s - loss: 9.3116e-04 - acc: 0.9999 - val_loss: 0.3762 - val_acc: 0.9552
Epoch 297/300
43s - loss: 9.3116e-04 - acc: 0.9999 - val_loss: 0.3680 - val_acc: 0.9545
Epoch 298/300
43s - loss: 9.3116e-04 - acc: 0.9999 - val_loss: 0.4038 - val_acc: 0.9533
Epoch 299/300
43s - loss: 9.3116e-04 - acc: 0.9999 - val_loss: 0.3399 - val_acc: 0.9565
Epoch 300/300
43s - loss: 9.3116e-04 - acc: 0.9999 - val_loss: 0.4040 - val_acc: 0.9526

GAP: 0.907118418811

